TN:
SF:__tests__/helpers/database.ts
FN:9,trundace
FNF:1
FNH:1
FNDA:23,trundace
DA:1,1
DA:2,1
DA:3,1
DA:4,1
DA:5,1
DA:6,1
DA:7,1
DA:8,1
DA:9,23
DA:10,23
DA:11,23
DA:12,23
DA:13,23
DA:14,23
DA:15,23
DA:16,23
LF:16
LH:16
BRDA:9,0,0,23
BRDA:10,1,0,23
BRF:2
BRH:2
end_of_record
TN:
SF:src/app/Response.ts
FN:6,BaseController
FN:15,Object.<anonymous>.BaseController.response
FN:23,Object.<anonymous>.BaseController.errorResponse
FNF:3
FNH:2
FNDA:0,BaseController
FNDA:15,Object.<anonymous>.BaseController.response
FNDA:10,Object.<anonymous>.BaseController.errorResponse
DA:1,1
DA:2,1
DA:3,1
DA:4,1
DA:5,1
DA:6,0
DA:7,0
DA:8,0
DA:9,0
DA:10,0
DA:11,0
DA:12,0
DA:13,0
DA:14,0
DA:15,0
DA:16,15
DA:17,15
DA:18,15
DA:19,15
DA:20,15
DA:21,15
DA:22,0
DA:23,0
DA:24,10
DA:25,10
DA:26,10
DA:27,10
DA:28,10
DA:29,10
DA:30,10
DA:31,10
DA:32,10
DA:33,10
DA:34,0
LF:34
LH:21
BRDA:6,0,0,3
BRDA:15,1,0,15
BRDA:23,2,0,10
BRDA:24,3,0,0
BRDA:25,4,0,0
BRF:5
BRH:3
end_of_record
TN:
SF:src/app/index.ts
FN:11,App
FN:19,Object.<anonymous>.App.handleException
FNF:2
FNH:2
FNDA:3,App
FNDA:3,Object.<anonymous>.App.handleException
DA:1,1
DA:2,1
DA:3,1
DA:4,1
DA:5,1
DA:6,3
DA:7,3
DA:8,3
DA:9,3
DA:10,3
DA:11,3
DA:12,3
DA:13,3
DA:14,3
DA:15,3
DA:16,3
DA:17,3
DA:18,3
DA:19,3
DA:20,3
DA:21,0
DA:22,0
DA:23,0
DA:24,0
DA:25,3
DA:26,3
DA:27,3
DA:28,1
DA:29,1
LF:29
LH:25
BRDA:6,0,0,3
BRDA:11,1,0,3
BRDA:19,2,0,3
BRF:3
BRH:3
end_of_record
TN:
SF:src/app/routes.ts
FNF:0
FNH:0
DA:1,1
DA:2,1
DA:3,1
DA:4,1
DA:5,1
DA:6,1
DA:7,1
DA:8,1
DA:9,1
DA:10,1
DA:11,1
DA:12,1
DA:13,1
DA:14,1
DA:15,1
DA:16,1
DA:17,1
DA:18,1
DA:19,1
DA:20,1
DA:21,1
DA:22,1
DA:23,1
DA:24,1
DA:25,1
DA:26,1
LF:26
LH:26
BRF:0
BRH:0
end_of_record
TN:
SF:src/app/controllers/CustomersController.ts
FN:7,CustomersController
FN:8,Object.<anonymous>.CustomersController.index
FN:24,Object.<anonymous>.CustomersController.show
FN:41,Object.<anonymous>.CustomersController.create
FN:78,Object.<anonymous>.CustomersController.update
FN:120,Object.<anonymous>.CustomersController.delete
FNF:6
FNH:5
FNDA:0,CustomersController
FNDA:1,Object.<anonymous>.CustomersController.index
FNDA:2,Object.<anonymous>.CustomersController.show
FNDA:3,Object.<anonymous>.CustomersController.create
FNDA:2,Object.<anonymous>.CustomersController.update
FNDA:2,Object.<anonymous>.CustomersController.delete
DA:1,1
DA:2,1
DA:3,1
DA:4,1
DA:5,1
DA:6,1
DA:7,0
DA:8,0
DA:9,1
DA:10,1
DA:11,1
DA:12,1
DA:13,1
DA:14,1
DA:15,1
DA:16,1
DA:17,1
DA:18,1
DA:19,1
DA:20,1
DA:21,1
DA:22,1
DA:23,0
DA:24,0
DA:25,2
DA:26,2
DA:27,2
DA:28,2
DA:29,2
DA:30,2
DA:31,2
DA:32,2
DA:33,2
DA:34,2
DA:35,0
DA:36,0
DA:37,0
DA:38,2
DA:39,2
DA:40,0
DA:41,0
DA:42,3
DA:43,3
DA:44,3
DA:45,3
DA:46,3
DA:47,3
DA:48,3
DA:49,3
DA:50,3
DA:51,3
DA:52,3
DA:53,3
DA:54,3
DA:55,3
DA:56,3
DA:57,3
DA:58,3
DA:59,3
DA:60,3
DA:61,3
DA:62,3
DA:63,3
DA:64,3
DA:65,3
DA:66,3
DA:67,3
DA:68,3
DA:69,3
DA:70,3
DA:71,3
DA:72,3
DA:73,3
DA:74,3
DA:75,3
DA:76,3
DA:77,0
DA:78,0
DA:79,2
DA:80,2
DA:81,2
DA:82,2
DA:83,2
DA:84,2
DA:85,2
DA:86,2
DA:87,2
DA:88,2
DA:89,2
DA:90,2
DA:91,2
DA:92,2
DA:93,2
DA:94,2
DA:95,2
DA:96,2
DA:97,2
DA:98,2
DA:99,2
DA:100,2
DA:101,2
DA:102,2
DA:103,2
DA:104,2
DA:105,2
DA:106,2
DA:107,2
DA:108,2
DA:109,2
DA:110,2
DA:111,2
DA:112,2
DA:113,2
DA:114,2
DA:115,2
DA:116,2
DA:117,2
DA:118,2
DA:119,0
DA:120,0
DA:121,2
DA:122,2
DA:123,2
DA:124,2
DA:125,2
DA:126,2
DA:127,2
DA:128,2
DA:129,2
DA:130,2
DA:131,2
DA:132,0
DA:133,0
DA:134,0
DA:135,2
DA:136,2
DA:137,0
LF:137
LH:120
BRDA:7,0,0,3
BRDA:8,1,0,1
BRDA:24,2,0,2
BRDA:35,3,0,0
BRDA:41,4,0,3
BRDA:78,5,0,2
BRDA:120,6,0,2
BRDA:132,7,0,0
BRF:8
BRH:6
end_of_record
TN:
SF:src/app/controllers/OrdersController.ts
FN:8,OrdersController
FN:9,Object.<anonymous>.OrdersController.index
FN:25,Object.<anonymous>.OrdersController.show
FN:42,Object.<anonymous>.OrdersController.create
FN:92,Object.<anonymous>.OrdersController.update
FN:149,Object.<anonymous>.OrdersController.delete
FN:167,Object.<anonymous>.OrdersController.email
FN:171,Object.<anonymous>.OrdersController.report
FNF:8
FNH:5
FNDA:0,OrdersController
FNDA:1,Object.<anonymous>.OrdersController.index
FNDA:1,Object.<anonymous>.OrdersController.show
FNDA:1,Object.<anonymous>.OrdersController.create
FNDA:1,Object.<anonymous>.OrdersController.update
FNDA:1,Object.<anonymous>.OrdersController.delete
FNDA:0,Object.<anonymous>.OrdersController.email
FNDA:0,Object.<anonymous>.OrdersController.report
DA:1,1
DA:2,1
DA:3,1
DA:4,1
DA:5,1
DA:6,1
DA:7,1
DA:8,0
DA:9,0
DA:10,1
DA:11,1
DA:12,1
DA:13,1
DA:14,1
DA:15,1
DA:16,1
DA:17,1
DA:18,1
DA:19,1
DA:20,1
DA:21,1
DA:22,1
DA:23,1
DA:24,0
DA:25,0
DA:26,1
DA:27,1
DA:28,1
DA:29,1
DA:30,1
DA:31,1
DA:32,1
DA:33,1
DA:34,1
DA:35,1
DA:36,1
DA:37,1
DA:38,1
DA:39,1
DA:40,1
DA:41,0
DA:42,0
DA:43,1
DA:44,1
DA:45,1
DA:46,1
DA:47,1
DA:48,1
DA:49,1
DA:50,1
DA:51,1
DA:52,1
DA:53,1
DA:54,1
DA:55,1
DA:56,1
DA:57,1
DA:58,1
DA:59,1
DA:60,1
DA:61,1
DA:62,1
DA:63,1
DA:64,1
DA:65,1
DA:66,1
DA:67,1
DA:68,1
DA:69,1
DA:70,1
DA:71,1
DA:72,1
DA:73,1
DA:74,1
DA:75,1
DA:76,1
DA:77,1
DA:78,1
DA:79,1
DA:80,1
DA:81,1
DA:82,1
DA:83,1
DA:84,1
DA:85,1
DA:86,1
DA:87,1
DA:88,1
DA:89,1
DA:90,1
DA:91,0
DA:92,0
DA:93,1
DA:94,1
DA:95,1
DA:96,1
DA:97,1
DA:98,1
DA:99,1
DA:100,1
DA:101,1
DA:102,1
DA:103,1
DA:104,1
DA:105,1
DA:106,1
DA:107,1
DA:108,1
DA:109,1
DA:110,1
DA:111,1
DA:112,1
DA:113,1
DA:114,1
DA:115,1
DA:116,1
DA:117,1
DA:118,1
DA:119,1
DA:120,1
DA:121,1
DA:122,1
DA:123,1
DA:124,1
DA:125,1
DA:126,1
DA:127,1
DA:128,1
DA:129,1
DA:130,1
DA:131,1
DA:132,1
DA:133,1
DA:134,1
DA:135,1
DA:136,1
DA:137,1
DA:138,1
DA:139,1
DA:140,1
DA:141,1
DA:142,1
DA:143,1
DA:144,1
DA:145,1
DA:146,1
DA:147,1
DA:148,0
DA:149,0
DA:150,1
DA:151,1
DA:152,1
DA:153,1
DA:154,1
DA:155,1
DA:156,1
DA:157,1
DA:158,1
DA:159,1
DA:160,1
DA:161,1
DA:162,1
DA:163,1
DA:164,1
DA:165,1
DA:166,0
DA:167,0
DA:168,0
DA:169,0
DA:170,0
DA:171,0
DA:172,0
DA:173,0
DA:174,0
LF:174
LH:155
BRDA:8,0,0,3
BRDA:9,1,0,1
BRDA:25,2,0,1
BRDA:42,3,0,1
BRDA:59,4,0,1
BRDA:59,5,0,0
BRDA:59,6,0,0
BRDA:92,7,0,1
BRDA:110,8,0,1
BRDA:110,9,0,0
BRDA:149,10,0,1
BRF:11
BRH:8
end_of_record
TN:
SF:src/app/controllers/ProductsController.ts
FN:7,ProductsController
FN:8,Object.<anonymous>.ProductsController.index
FN:24,Object.<anonymous>.ProductsController.show
FN:41,Object.<anonymous>.ProductsController.create
FN:78,Object.<anonymous>.ProductsController.update
FN:120,Object.<anonymous>.ProductsController.delete
FNF:6
FNH:5
FNDA:0,ProductsController
FNDA:1,Object.<anonymous>.ProductsController.index
FNDA:2,Object.<anonymous>.ProductsController.show
FNDA:3,Object.<anonymous>.ProductsController.create
FNDA:2,Object.<anonymous>.ProductsController.update
FNDA:2,Object.<anonymous>.ProductsController.delete
DA:1,1
DA:2,1
DA:3,1
DA:4,1
DA:5,1
DA:6,1
DA:7,0
DA:8,0
DA:9,1
DA:10,1
DA:11,1
DA:12,1
DA:13,1
DA:14,1
DA:15,1
DA:16,1
DA:17,1
DA:18,1
DA:19,1
DA:20,1
DA:21,1
DA:22,1
DA:23,0
DA:24,0
DA:25,2
DA:26,2
DA:27,2
DA:28,2
DA:29,2
DA:30,2
DA:31,2
DA:32,2
DA:33,2
DA:34,2
DA:35,0
DA:36,0
DA:37,0
DA:38,2
DA:39,2
DA:40,0
DA:41,0
DA:42,3
DA:43,3
DA:44,3
DA:45,3
DA:46,3
DA:47,3
DA:48,3
DA:49,3
DA:50,3
DA:51,3
DA:52,3
DA:53,3
DA:54,3
DA:55,3
DA:56,3
DA:57,3
DA:58,3
DA:59,3
DA:60,3
DA:61,3
DA:62,3
DA:63,3
DA:64,3
DA:65,3
DA:66,3
DA:67,3
DA:68,3
DA:69,3
DA:70,3
DA:71,3
DA:72,3
DA:73,3
DA:74,3
DA:75,3
DA:76,3
DA:77,0
DA:78,0
DA:79,2
DA:80,2
DA:81,2
DA:82,2
DA:83,2
DA:84,2
DA:85,2
DA:86,2
DA:87,2
DA:88,2
DA:89,2
DA:90,2
DA:91,2
DA:92,2
DA:93,2
DA:94,2
DA:95,2
DA:96,2
DA:97,2
DA:98,2
DA:99,2
DA:100,2
DA:101,2
DA:102,2
DA:103,2
DA:104,2
DA:105,2
DA:106,2
DA:107,2
DA:108,2
DA:109,2
DA:110,2
DA:111,2
DA:112,2
DA:113,2
DA:114,2
DA:115,2
DA:116,2
DA:117,2
DA:118,2
DA:119,0
DA:120,0
DA:121,2
DA:122,2
DA:123,2
DA:124,2
DA:125,2
DA:126,2
DA:127,2
DA:128,2
DA:129,2
DA:130,2
DA:131,2
DA:132,0
DA:133,0
DA:134,0
DA:135,2
DA:136,2
DA:137,0
LF:137
LH:120
BRDA:7,0,0,3
BRDA:8,1,0,1
BRDA:24,2,0,2
BRDA:35,3,0,0
BRDA:41,4,0,3
BRDA:78,5,0,2
BRDA:120,6,0,2
BRDA:132,7,0,0
BRF:8
BRH:6
end_of_record
TN:
SF:src/app/models/Customer.ts
FNF:0
FNH:0
DA:1,1
DA:2,1
DA:3,1
DA:4,1
DA:5,1
DA:6,1
DA:7,1
DA:8,1
DA:9,1
DA:10,1
DA:11,1
DA:12,1
DA:13,1
DA:14,1
DA:15,1
DA:16,1
DA:17,1
DA:18,1
DA:19,1
DA:20,1
DA:21,1
DA:22,1
DA:23,1
DA:24,1
DA:25,1
DA:26,1
DA:27,1
DA:28,1
DA:29,1
DA:30,1
DA:31,1
DA:32,1
DA:33,1
DA:34,1
DA:35,1
LF:35
LH:35
BRF:0
BRH:0
end_of_record
TN:
SF:src/app/models/Order.ts
FNF:0
FNH:0
DA:1,1
DA:2,1
DA:3,1
DA:4,1
DA:5,1
DA:6,1
DA:7,1
DA:8,1
DA:9,1
DA:10,1
DA:11,1
DA:12,1
DA:13,1
DA:14,1
DA:15,1
DA:16,1
DA:17,1
DA:18,1
DA:19,1
DA:20,1
DA:21,1
DA:22,1
DA:23,1
DA:24,1
DA:25,1
DA:26,1
DA:27,1
DA:28,1
DA:29,1
DA:30,1
DA:31,1
DA:32,1
DA:33,1
DA:34,1
DA:35,1
DA:36,1
DA:37,1
DA:38,1
DA:39,1
DA:40,1
DA:41,1
DA:42,1
DA:43,1
DA:44,1
DA:45,1
LF:45
LH:45
BRF:0
BRH:0
end_of_record
TN:
SF:src/app/models/OrderItem.ts
FNF:0
FNH:0
DA:1,1
DA:2,1
DA:3,1
DA:4,1
DA:5,1
DA:6,1
DA:7,1
DA:8,1
DA:9,1
DA:10,1
DA:11,1
DA:12,1
DA:13,1
DA:14,1
DA:15,1
DA:16,1
DA:17,1
DA:18,1
DA:19,1
DA:20,1
DA:21,1
DA:22,1
DA:23,1
DA:24,1
DA:25,1
DA:26,1
DA:27,1
DA:28,1
DA:29,1
DA:30,1
LF:30
LH:30
BRF:0
BRH:0
end_of_record
TN:
SF:src/app/models/Product.ts
FNF:0
FNH:0
DA:1,1
DA:2,1
DA:3,1
DA:4,1
DA:5,1
DA:6,1
DA:7,1
DA:8,1
DA:9,1
DA:10,1
DA:11,1
DA:12,1
DA:13,1
DA:14,1
DA:15,1
DA:16,1
DA:17,1
DA:18,1
DA:19,1
DA:20,1
DA:21,1
DA:22,1
DA:23,1
DA:24,1
DA:25,1
DA:26,1
DA:27,1
DA:28,1
DA:29,1
DA:30,1
DA:31,1
DA:32,1
DA:33,1
DA:34,1
DA:35,1
LF:35
LH:35
BRF:0
BRH:0
end_of_record
TN:
SF:src/app/repositories/Customers/CustomersException.ts
FN:6,CustomersException
FNF:1
FNH:1
FNDA:2,CustomersException
DA:1,3
DA:2,3
DA:3,3
DA:4,3
DA:5,3
DA:6,3
DA:7,2
DA:8,2
DA:9,2
DA:10,3
LF:10
LH:10
BRDA:1,0,0,3
BRDA:6,1,0,2
BRF:2
BRH:2
end_of_record
TN:
SF:src/app/repositories/Customers/CustomersRepository.ts
FN:5,CustomersRepository
FN:6,Object.<anonymous>.CustomersRepository.findAll
FN:20,Object.<anonymous>.CustomersRepository.create
FN:35,Object.<anonymous>.CustomersRepository.update
FN:51,Object.<anonymous>.CustomersRepository.find
FN:74,Object.<anonymous>.CustomersRepository.delete
FNF:6
FNH:5
FNDA:0,CustomersRepository
FNDA:1,Object.<anonymous>.CustomersRepository.findAll
FNDA:1,Object.<anonymous>.CustomersRepository.create
FNDA:1,Object.<anonymous>.CustomersRepository.update
FNDA:6,Object.<anonymous>.CustomersRepository.find
FNDA:2,Object.<anonymous>.CustomersRepository.delete
DA:1,1
DA:2,1
DA:3,1
DA:4,1
DA:5,0
DA:6,0
DA:7,1
DA:8,1
DA:9,1
DA:10,1
DA:11,1
DA:12,1
DA:13,1
DA:14,1
DA:15,1
DA:16,1
DA:17,1
DA:18,1
DA:19,0
DA:20,0
DA:21,1
DA:22,1
DA:23,1
DA:24,1
DA:25,1
DA:26,1
DA:27,1
DA:28,1
DA:29,1
DA:30,1
DA:31,1
DA:32,1
DA:33,1
DA:34,0
DA:35,0
DA:36,1
DA:37,1
DA:38,1
DA:39,1
DA:40,1
DA:41,1
DA:42,1
DA:43,1
DA:44,1
DA:45,1
DA:46,1
DA:47,1
DA:48,1
DA:49,1
DA:50,0
DA:51,0
DA:52,6
DA:53,6
DA:54,6
DA:55,6
DA:56,6
DA:57,6
DA:58,6
DA:59,6
DA:60,6
DA:61,6
DA:62,6
DA:63,6
DA:64,6
DA:65,2
DA:66,2
DA:67,2
DA:68,2
DA:69,2
DA:70,4
DA:71,4
DA:72,6
DA:73,0
DA:74,0
DA:75,2
DA:76,2
DA:77,2
DA:78,2
DA:79,2
DA:80,2
DA:81,2
DA:82,2
DA:83,2
DA:84,2
DA:85,2
DA:86,2
DA:87,0
LF:87
LH:76
BRDA:5,0,0,3
BRDA:6,1,0,1
BRDA:20,2,0,1
BRDA:35,3,0,1
BRDA:36,4,0,1
BRDA:51,5,0,6
BRDA:64,6,0,2
BRDA:70,7,0,4
BRDA:74,8,0,2
BRDA:75,9,0,2
BRF:10
BRH:10
end_of_record
TN:
SF:src/app/repositories/Orders/OrdersException.ts
FN:6,OrdersException
FNF:1
FNH:0
FNDA:0,OrdersException
DA:1,3
DA:2,3
DA:3,3
DA:4,3
DA:5,3
DA:6,3
DA:7,0
DA:8,0
DA:9,0
DA:10,3
LF:10
LH:7
BRDA:1,0,0,3
BRF:1
BRH:1
end_of_record
TN:
SF:src/app/repositories/Orders/OrdersRepository.ts
FN:8,OrdersRepository
FN:9,Object.<anonymous>.OrdersRepository.findAll
FN:39,Object.<anonymous>.OrdersRepository.create
FN:78,Object.<anonymous>.OrdersRepository.update
FN:128,Object.<anonymous>.OrdersRepository.find
FN:164,Object.<anonymous>.OrdersRepository.delete
FNF:6
FNH:5
FNDA:0,OrdersRepository
FNDA:1,Object.<anonymous>.OrdersRepository.findAll
FNDA:1,Object.<anonymous>.OrdersRepository.create
FNDA:1,Object.<anonymous>.OrdersRepository.update
FNDA:3,Object.<anonymous>.OrdersRepository.find
FNDA:1,Object.<anonymous>.OrdersRepository.delete
DA:1,1
DA:2,1
DA:3,1
DA:4,1
DA:5,1
DA:6,1
DA:7,1
DA:8,0
DA:9,0
DA:10,1
DA:11,1
DA:12,1
DA:13,1
DA:14,1
DA:15,1
DA:16,1
DA:17,1
DA:18,1
DA:19,1
DA:20,1
DA:21,1
DA:22,1
DA:23,1
DA:24,1
DA:25,1
DA:26,1
DA:27,1
DA:28,1
DA:29,1
DA:30,1
DA:31,1
DA:32,1
DA:33,1
DA:34,1
DA:35,1
DA:36,1
DA:37,1
DA:38,0
DA:39,0
DA:40,1
DA:41,1
DA:42,1
DA:43,1
DA:44,1
DA:45,1
DA:46,1
DA:47,1
DA:48,1
DA:49,1
DA:50,1
DA:51,0
DA:52,0
DA:53,0
DA:54,0
DA:55,0
DA:56,1
DA:57,1
DA:58,1
DA:59,1
DA:60,1
DA:61,1
DA:62,1
DA:63,1
DA:64,1
DA:65,1
DA:66,1
DA:67,1
DA:68,1
DA:69,1
DA:70,1
DA:71,1
DA:72,1
DA:73,1
DA:74,1
DA:75,1
DA:76,1
DA:77,0
DA:78,0
DA:79,1
DA:80,1
DA:81,1
DA:82,1
DA:83,0
DA:84,0
DA:85,1
DA:86,1
DA:87,1
DA:88,0
DA:89,0
DA:90,0
DA:91,0
DA:92,0
DA:93,1
DA:94,1
DA:95,1
DA:96,1
DA:97,1
DA:98,1
DA:99,1
DA:100,1
DA:101,1
DA:102,1
DA:103,1
DA:104,1
DA:105,1
DA:106,1
DA:107,0
DA:108,0
DA:109,0
DA:110,0
DA:111,0
DA:112,1
DA:113,1
DA:114,1
DA:115,1
DA:116,1
DA:117,1
DA:118,1
DA:119,1
DA:120,1
DA:121,1
DA:122,1
DA:123,1
DA:124,1
DA:125,1
DA:126,1
DA:127,0
DA:128,0
DA:129,3
DA:130,3
DA:131,3
DA:132,3
DA:133,3
DA:134,3
DA:135,3
DA:136,3
DA:137,3
DA:138,3
DA:139,3
DA:140,3
DA:141,3
DA:142,3
DA:143,3
DA:144,3
DA:145,3
DA:146,3
DA:147,3
DA:148,3
DA:149,3
DA:150,3
DA:151,3
DA:152,3
DA:153,3
DA:154,3
DA:155,3
DA:156,3
DA:157,3
DA:158,0
DA:159,0
DA:160,3
DA:161,3
DA:162,3
DA:163,0
DA:164,0
DA:165,1
DA:166,1
DA:167,1
DA:168,1
DA:169,1
DA:170,1
DA:171,1
DA:172,1
DA:173,1
DA:174,1
DA:175,1
DA:176,1
DA:177,0
LF:177
LH:147
BRDA:8,0,0,3
BRDA:9,1,0,1
BRDA:39,2,0,1
BRDA:50,3,0,0
BRDA:45,4,0,3
BRDA:78,5,0,1
BRDA:79,6,0,1
BRDA:82,7,0,0
BRDA:87,8,0,0
BRDA:106,9,0,0
BRDA:116,10,0,1
BRDA:128,11,0,3
BRDA:157,12,0,0
BRDA:164,13,0,1
BRDA:165,14,0,1
BRF:15
BRH:10
end_of_record
TN:
SF:src/app/repositories/Products/ProductsException.ts
FN:6,ProductsException
FNF:1
FNH:1
FNDA:2,ProductsException
DA:1,3
DA:2,3
DA:3,3
DA:4,3
DA:5,3
DA:6,3
DA:7,2
DA:8,2
DA:9,2
DA:10,3
LF:10
LH:10
BRDA:1,0,0,3
BRDA:6,1,0,2
BRF:2
BRH:2
end_of_record
TN:
SF:src/app/repositories/Products/ProductsRepository.ts
FN:5,ProductsRepository
FN:6,Object.<anonymous>.ProductsRepository.findAll
FN:20,Object.<anonymous>.ProductsRepository.create
FN:35,Object.<anonymous>.ProductsRepository.update
FN:51,Object.<anonymous>.ProductsRepository.find
FN:74,Object.<anonymous>.ProductsRepository.delete
FNF:6
FNH:5
FNDA:0,ProductsRepository
FNDA:1,Object.<anonymous>.ProductsRepository.findAll
FNDA:1,Object.<anonymous>.ProductsRepository.create
FNDA:1,Object.<anonymous>.ProductsRepository.update
FNDA:5,Object.<anonymous>.ProductsRepository.find
FNDA:2,Object.<anonymous>.ProductsRepository.delete
DA:1,1
DA:2,1
DA:3,1
DA:4,1
DA:5,0
DA:6,0
DA:7,1
DA:8,1
DA:9,1
DA:10,1
DA:11,1
DA:12,1
DA:13,1
DA:14,1
DA:15,1
DA:16,1
DA:17,1
DA:18,1
DA:19,0
DA:20,0
DA:21,1
DA:22,1
DA:23,1
DA:24,1
DA:25,1
DA:26,1
DA:27,1
DA:28,1
DA:29,1
DA:30,1
DA:31,1
DA:32,1
DA:33,1
DA:34,0
DA:35,0
DA:36,1
DA:37,1
DA:38,1
DA:39,1
DA:40,1
DA:41,1
DA:42,1
DA:43,1
DA:44,1
DA:45,1
DA:46,1
DA:47,1
DA:48,1
DA:49,1
DA:50,0
DA:51,0
DA:52,5
DA:53,5
DA:54,5
DA:55,5
DA:56,5
DA:57,5
DA:58,5
DA:59,5
DA:60,5
DA:61,5
DA:62,5
DA:63,5
DA:64,5
DA:65,2
DA:66,2
DA:67,2
DA:68,2
DA:69,2
DA:70,3
DA:71,3
DA:72,5
DA:73,0
DA:74,0
DA:75,2
DA:76,2
DA:77,2
DA:78,2
DA:79,2
DA:80,2
DA:81,2
DA:82,2
DA:83,2
DA:84,2
DA:85,2
DA:86,2
DA:87,0
LF:87
LH:76
BRDA:5,0,0,3
BRDA:6,1,0,1
BRDA:20,2,0,1
BRDA:35,3,0,1
BRDA:36,4,0,1
BRDA:51,5,0,5
BRDA:64,6,0,2
BRDA:70,7,0,3
BRDA:74,8,0,2
BRDA:75,9,0,2
BRF:10
BRH:10
end_of_record
TN:
SF:src/config/database.js
FN:1,Object.<anonymous>
FNF:1
FNH:1
FNDA:3,Object.<anonymous>
DA:1,3
DA:2,3
DA:3,3
DA:4,3
DA:5,3
DA:6,3
DA:7,3
DA:8,3
DA:9,3
DA:10,3
DA:11,3
DA:12,3
DA:13,3
DA:14,3
DA:15,3
DA:16,3
DA:17,3
LF:17
LH:17
BRDA:1,0,0,3
BRDA:1,1,0,3
BRDA:13,2,0,0
BRF:3
BRH:2
end_of_record
TN:
SF:src/database/index.ts
FN:7,Database
FNF:1
FNH:1
FNDA:3,Database
DA:1,1
DA:2,1
DA:3,1
DA:4,3
DA:5,3
DA:6,3
DA:7,3
DA:8,3
DA:9,3
DA:10,3
DA:11,1
DA:12,1
LF:12
LH:12
BRDA:4,0,0,3
BRDA:7,1,0,3
BRF:2
BRH:2
end_of_record
